2020-09-05 10:29:14,171 - CRITICAL - payment_logger - Ready
2020-09-05 10:29:14,172 - CRITICAL - payment_logger - Starting imdb_api
2020-09-05 10:29:14,172 - CRITICAL - payment_logger - Imdb api listening at port 4000
2020-09-05 10:32:30,094 - CRITICAL - payment_logger - Ready
2020-09-05 10:32:30,094 - CRITICAL - payment_logger - Starting imdb_api
2020-09-05 10:32:30,094 - CRITICAL - payment_logger - Imdb api listening at port 4000
2020-09-05 10:57:00,461 - CRITICAL - payment_logger - Ready
2020-09-05 10:57:00,461 - CRITICAL - payment_logger - Starting imdb_api
2020-09-05 10:57:00,461 - CRITICAL - payment_logger - Imdb api listening at port 4000
2020-09-05 10:58:16,416 - CRITICAL - payment_logger - Ready
2020-09-05 10:58:21,822 - CRITICAL - payment_logger - Starting imdb_payment_service
2020-09-05 10:58:22,588 - CRITICAL - payment_logger - Imdb api listening at port 4000
2020-09-05 10:59:46,535 - DEBUG    - payment_logger - /process_payment POST requested
2020-09-05 11:01:18,950 - DEBUG    - payment_logger - /process_payment GET requested
2020-09-05 11:01:19,006 - DEBUG    - payment_logger - /favicon.ico GET requested
2020-09-05 11:01:52,741 - DEBUG    - payment_logger - /process_payment POST requested
2020-09-05 11:08:11,371 - DEBUG    - payment_logger - / GET requested
2020-09-05 11:09:10,077 - CRITICAL - payment_logger - Ready
2020-09-05 11:09:10,077 - CRITICAL - payment_logger - Starting imdb_payment_service
2020-09-05 11:09:10,078 - CRITICAL - payment_logger - Imdb api listening at port 4000
2020-09-05 11:09:14,724 - DEBUG    - payment_logger - / GET requested
2020-09-05 11:10:51,977 - CRITICAL - payment_logger - Ready
2020-09-05 11:10:51,978 - CRITICAL - payment_logger - Starting imdb_payment_service
2020-09-05 11:10:51,978 - CRITICAL - payment_logger - Imdb api listening at port 4000
2020-09-05 11:11:00,991 - DEBUG    - payment_logger - / GET requested
2020-09-05 11:12:00,148 - CRITICAL - payment_logger - Ready
2020-09-05 11:12:00,149 - CRITICAL - payment_logger - Starting imdb_payment_service
2020-09-05 11:12:00,149 - CRITICAL - payment_logger - Imdb api listening at port 4000
2020-09-05 11:12:06,751 - DEBUG    - payment_logger - / GET requested
2020-09-05 11:14:32,428 - DEBUG    - payment_logger - /process_payment POST requested
2020-09-05 11:15:52,315 - CRITICAL - payment_logger - Ready
2020-09-05 11:15:52,315 - CRITICAL - payment_logger - Starting imdb_payment_service
2020-09-05 11:15:52,316 - CRITICAL - payment_logger - Imdb api listening at port 4000
2020-09-05 11:16:02,191 - DEBUG    - payment_logger - /process_payment POST requested
2020-09-05 11:17:45,365 - CRITICAL - payment_logger - Ready
2020-09-05 11:17:45,367 - CRITICAL - payment_logger - Starting imdb_payment_service
2020-09-05 11:17:45,367 - CRITICAL - payment_logger - Imdb api listening at port 4000
2020-09-05 11:17:54,051 - DEBUG    - payment_logger - /process_payment POST requested
2020-09-05 11:23:35,991 - DEBUG    - payment_logger - /process_payment POST requested
2020-09-05 11:24:15,356 - DEBUG    - payment_logger - /process_payment POST requested
2020-09-05 11:26:15,817 - DEBUG    - payment_logger - /process_payment POST requested
2020-09-05 11:33:53,677 - DEBUG    - payment_logger - /process_payment POST requested
2020-09-05 11:35:10,734 - DEBUG    - payment_logger - /process_payment POST requested
2020-09-05 11:40:42,250 - DEBUG    - payment_logger - /process_payment POST requested
2020-09-05 11:43:07,135 - DEBUG    - payment_logger - /process_payment POST requested
2020-09-05 11:43:21,850 - DEBUG    - payment_logger - /process_payment POST requested
2020-09-05 11:43:58,006 - CRITICAL - payment_logger - Ready
2020-09-05 11:43:58,007 - CRITICAL - payment_logger - Starting imdb_payment_service
2020-09-05 11:43:58,007 - CRITICAL - payment_logger - Imdb api listening at port 4000
2020-09-05 11:44:11,815 - DEBUG    - payment_logger - /process_payment POST requested
2020-09-05 11:45:01,707 - CRITICAL - payment_logger - Ready
2020-09-05 11:45:01,708 - CRITICAL - payment_logger - Starting imdb_payment_service
2020-09-05 11:45:01,708 - CRITICAL - payment_logger - Imdb api listening at port 4000
2020-09-05 11:45:09,182 - DEBUG    - payment_logger - /process_payment POST requested
2020-09-05 11:46:13,022 - CRITICAL - payment_logger - Ready
2020-09-05 11:46:13,023 - CRITICAL - payment_logger - Starting imdb_payment_service
2020-09-05 11:46:13,023 - CRITICAL - payment_logger - Imdb api listening at port 4000
2020-09-05 11:46:42,291 - DEBUG    - payment_logger - /process_payment POST requested
2020-09-05 11:47:31,434 - DEBUG    - payment_logger - /process_payment POST requested
2020-09-05 11:51:16,099 - DEBUG    - payment_logger - /process_payment POST requested
2020-09-07 09:31:26,771 - CRITICAL - payment_logger - Ready
2020-09-07 09:31:26,772 - CRITICAL - payment_logger - Starting imdb_payment_service
2020-09-07 09:31:26,773 - CRITICAL - payment_logger - Imdb api listening at port 4000
