2020-09-09 10:36:47,286 - CRITICAL - email_logger - Error when trying to login to pedropesor@gmail.com
2020-09-09 10:37:20,222 - CRITICAL - email_logger - Error when trying to login to pedropesor@gmail.com
2020-09-09 10:38:39,254 - CRITICAL - email_logger - Error when trying to login pedropesor@gmail.com
2020-09-09 10:42:37,809 - CRITICAL - email_logger - Email service starting...
2020-09-09 10:42:43,760 - CRITICAL - email_logger - Email service is getting messages from Kafka server
2020-09-09 10:42:55,711 - CRITICAL - email_logger - Error when trying to connect to Kafka Server
2020-09-09 10:42:57,671 - CRITICAL - email_logger - The service will retry in 15 seconds
2020-09-09 10:43:16,583 - CRITICAL - email_logger - Error when trying to connect to Kafka Server
2020-09-09 10:43:16,584 - CRITICAL - email_logger - The service will retry in 15 seconds
2020-09-09 10:43:31,599 - CRITICAL - email_logger - Error when trying to connect to Kafka Server
2020-09-09 10:43:31,599 - CRITICAL - email_logger - The service will retry in 15 seconds
2020-09-09 10:43:46,609 - CRITICAL - email_logger - Error when trying to connect to Kafka Server
2020-09-09 10:43:46,609 - CRITICAL - email_logger - Max attempts to connect to Kafka Server reached. Email service stopping
2020-09-09 10:44:38,310 - CRITICAL - email_logger - Email service starting...
2020-09-09 10:44:38,311 - CRITICAL - email_logger - Email service is getting messages from Kafka server
2020-09-09 10:44:38,311 - CRITICAL - email_logger - Error when trying to connect to Kafka Server: 'Namespace' object has no attribute 'owner_queue'
2020-09-09 10:44:38,311 - CRITICAL - email_logger - The service will retry in 15 seconds
2020-09-09 10:45:33,648 - CRITICAL - email_logger - Email service starting...
2020-09-09 10:45:34,538 - CRITICAL - email_logger - Email service is getting messages from Kafka server
2020-09-09 10:45:39,833 - CRITICAL - email_logger - Error when trying to connect to Kafka Server: NoBrokersAvailable
2020-09-09 10:45:39,833 - CRITICAL - email_logger - The service will retry in 15 seconds
2020-09-09 10:45:59,442 - CRITICAL - email_logger - Error when trying to connect to Kafka Server: NoBrokersAvailable
2020-09-09 10:45:59,442 - CRITICAL - email_logger - The service will retry in 15 seconds
2020-09-09 10:46:19,054 - CRITICAL - email_logger - Error when trying to connect to Kafka Server: NoBrokersAvailable
2020-09-09 10:46:19,054 - CRITICAL - email_logger - The service will retry in 15 seconds
2020-09-09 10:46:38,704 - CRITICAL - email_logger - Error when trying to connect to Kafka Server: NoBrokersAvailable
2020-09-09 10:46:38,704 - CRITICAL - email_logger - Max attempts to connect to Kafka Server reached. Email service stopping...
2020-09-09 10:52:10,508 - CRITICAL - email_logger - Email service starting...
2020-09-09 10:52:10,509 - CRITICAL - email_logger - Email service is getting messages from Kafka server
2020-09-09 10:52:15,100 - CRITICAL - email_logger - Error when trying to connect to Kafka Server: NoBrokersAvailable
2020-09-09 10:52:15,101 - CRITICAL - email_logger - The service will retry in 15 seconds
2020-09-09 10:52:50,588 - CRITICAL - email_logger - Email service starting...
2020-09-09 10:52:50,588 - CRITICAL - email_logger - Email service is getting messages from Kafka server
2020-09-09 10:53:12,136 - CRITICAL - email_logger - Error when trying to connect to Kafka Server: NoBrokersAvailable
2020-09-09 10:53:12,136 - CRITICAL - email_logger - The service will retry in 15 seconds
2020-09-09 10:54:52,566 - CRITICAL - email_logger - Email service starting...
2020-09-09 10:54:56,027 - CRITICAL - email_logger - Email service is getting messages from Kafka server
2020-09-09 10:55:16,244 - CRITICAL - email_logger - Error when trying to connect to Kafka Server: NoBrokersAvailable
2020-09-09 10:55:16,244 - CRITICAL - email_logger - The service will retry in 15 seconds
2020-09-09 11:10:54,592 - CRITICAL - email_logger - Email service starting...
2020-09-09 11:10:54,592 - CRITICAL - email_logger - Email service is getting messages from Kafka server
2020-09-09 11:11:32,062 - CRITICAL - email_logger - Error when trying to connect to Kafka Server: NoBrokersAvailable
2020-09-09 11:11:40,876 - CRITICAL - email_logger - The service will retry in 15 seconds
